<?xml version="1.0" encoding="UTF-8"?>
<!-- Generated by org.testng.reporters.JUnitReportReporter -->
<testsuite hostname="gunjanpr" failures="0" tests="1" name="Test.parallelTest" time="0.000" errors="0" timestamp="2023-11-30T12:36:44 IST" skipped="0">
  <testcase classname="Test.parallelTest" name="parallel" time="0.000"/>
  <system-out/>
</testsuite> <!-- Test.parallelTest -->
