<?xml version="1.0" encoding="UTF-8"?>
<!-- Generated by org.testng.reporters.JUnitReportReporter -->
<testsuite hostname="gunjanpr" failures="0" tests="1" name="Test.groupTest" time="0.004" errors="0" timestamp="2023-11-30T12:36:44 IST" skipped="0">
  <testcase classname="Test.groupTest" name="test" time="0.004"/>
  <system-out/>
</testsuite> <!-- Test.groupTest -->
